<?xml version="1.0" encoding="utf-8"?><testsuites name="pytest tests"><testsuite name="pytest" errors="0" failures="0" skipped="0" tests="11" time="1.762" timestamp="2026-06-11T09:03:09.532807+00:00" hostname="agent-env-ca76024b-5884-4cfb-b734-67ba556e6cb6"><testcase classname="backend.tests.test_phase2.TestAuthGate" name="test_schedule_requires_auth" time="0.232" /><testcase classname="backend.tests.test_phase2.TestAuthGate" name="test_digest_preview_requires_auth" time="0.108" /><testcase classname="backend.tests.test_phase2.TestAuthGate" name="test_digest_send_requires_auth" time="0.099" /><testcase classname="backend.tests.test_phase2.TestTaskDetail" name="test_404_for_missing" time="0.438" /><testcase classname="backend.tests.test_phase2.TestTaskDetail" name="test_existing_task_detail_shape" time="0.111" /><testcase classname="backend.tests.test_phase2.TestWikiEdit" name="test_edit_missing_page_404" time="0.060" /><testcase classname="backend.tests.test_phase2.TestWikiEdit" name="test_edit_preserves_frontmatter_and_bumps_updated" time="0.223" /><testcase classname="backend.tests.test_phase2.TestSchedule" name="test_get_schedule_shape" time="0.056" /><testcase classname="backend.tests.test_phase2.TestSchedule" name="test_enable_then_disable_jobs" time="0.169" /><testcase classname="backend.tests.test_phase2.TestDigest" name="test_preview_returns_html_and_data" time="0.053" /><testcase classname="backend.tests.test_phase2.TestDigest" name="test_send_without_resend_returns_400" time="0.125" /></testsuite></testsuites>