<?xml version="1.0" encoding="utf-8"?><testsuites name="pytest tests"><testsuite name="pytest" errors="0" failures="0" skipped="0" tests="27" time="8.368" timestamp="2026-06-11T09:03:16.172257+00:00" hostname="agent-env-ca76024b-5884-4cfb-b734-67ba556e6cb6"><testcase classname="backend.tests.backend_test" name="test_health" time="0.141" /><testcase classname="backend.tests.backend_test.TestAuth" name="test_login_wrong_password" time="0.334" /><testcase classname="backend.tests.backend_test.TestAuth" name="test_unauth_dashboard_blocked" time="0.100" /><testcase classname="backend.tests.backend_test.TestAuth" name="test_admin_login_sets_cookies" time="0.330" /><testcase classname="backend.tests.backend_test.TestAuth" name="test_me_returns_admin" time="0.064" /><testcase classname="backend.tests.backend_test.TestAuth" name="test_member_register_and_me" time="0.432" /><testcase classname="backend.tests.backend_test.TestAuth" name="test_duplicate_register_400" time="0.056" /><testcase classname="backend.tests.backend_test.TestAuth" name="test_logout" time="0.458" /><testcase classname="backend.tests.backend_test.TestDashboard" name="test_dashboard_shape" time="0.053" /><testcase classname="backend.tests.backend_test.TestTasks" name="test_list_tasks" time="0.050" /><testcase classname="backend.tests.backend_test.TestTasks" name="test_list_tasks_filter_failed" time="0.051" /><testcase classname="backend.tests.backend_test.TestTasks" name="test_retry_invalid_task_400" time="0.053" /><testcase classname="backend.tests.backend_test.TestTasks" name="test_enqueue_raw" time="0.060" /><testcase classname="backend.tests.backend_test.TestTasks" name="test_retry_all_failed" time="0.049" /><testcase classname="backend.tests.backend_test.TestWiki" name="test_tree" time="0.050" /><testcase classname="backend.tests.backend_test.TestWiki" name="test_search_context" time="0.055" /><testcase classname="backend.tests.backend_test.TestWiki" name="test_graph" time="0.056" /><testcase classname="backend.tests.backend_test.TestWiki" name="test_lint" time="0.110" /><testcase classname="backend.tests.backend_test.TestWiki" name="test_page_not_found" time="0.050" /><testcase classname="backend.tests.backend_test.TestContent" name="test_submit_text_no_autoprocess" time="0.063" /><testcase classname="backend.tests.backend_test.TestContent" name="test_submit_url_invalid_400" time="0.048" /><testcase classname="backend.tests.backend_test.TestContent" name="test_review_pending" time="0.051" /><testcase classname="backend.tests.backend_test.TestSourcesSettings" name="test_get_sources" time="0.058" /><testcase classname="backend.tests.backend_test.TestSourcesSettings" name="test_get_settings_shows_providers" time="0.050" /><testcase classname="backend.tests.backend_test.TestSourcesSettings" name="test_save_settings_persists" time="0.097" /><testcase classname="backend.tests.backend_test.TestPipeline" name="test_pipeline_status" time="0.052" /><testcase classname="backend.tests.backend_test.TestPipeline" name="test_pipeline_run_and_finish" time="5.315" /></testsuite></testsuites>